<?xml version="1.0" encoding="UTF-8"?>
<!-- Generated by org.testng.reporters.JUnitReportReporter -->
<testsuite hostname="MLI01271" failures="0" tests="1" name="testLayer.TestSignInPage" time="0.592" errors="0" timestamp="2024-05-18T19:03:18 IST" skipped="0">
  <testcase classname="testLayer.TestSignInPage" name="testSignInPage" time="0.592"/>
</testsuite> <!-- testLayer.TestSignInPage -->
