<?xml version="1.0" encoding="UTF-8"?>
<!-- Generated by org.testng.reporters.JUnitReportReporter -->
<testsuite hostname="MLI01271" failures="0" tests="3" name="testLayer.TestDuobedPages" time="25.444" errors="0" timestamp="2024-05-20T12:59:30 IST" skipped="0">
  <testcase classname="testLayer.TestDuobedPages" name="testSignInPage" time="0.467"/>
  <testcase classname="testLayer.TestDuobedPages" name="testAccountPage" time="15.185"/>
  <testcase classname="testLayer.TestDuobedPages" name="testLandingPage" time="9.792"/>
</testsuite> <!-- testLayer.TestDuobedPages -->
