<?xml version="1.0" encoding="UTF-8"?>
<!-- Generated by org.testng.reporters.JUnitReportReporter -->
<testsuite hostname="MLI01271" failures="0" tests="1" name="testLayer.TestAutomationPracticeTest" time="14.677" errors="0" timestamp="2024-05-17T11:32:45 IST" skipped="0">
  <testcase classname="testLayer.TestAutomationPracticeTest" name="testcase1" time="14.677"/>
</testsuite> <!-- testLayer.TestAutomationPracticeTest -->
